#
# There is insufficient memory for the Java Runtime Environment to continue.
# Native memory allocation (malloc) failed to allocate 1048576 bytes for AllocateHeap
# Possible reasons:
#   The system is out of physical RAM or swap space
#   The process is running with CompressedOops enabled, and the Java Heap may be blocking the growth of the native heap
# Possible solutions:
#   Reduce memory load on the system
#   Increase physical memory or swap space
#   Check if swap backing store is full
#   Decrease Java heap size (-Xmx/-Xms)
#   Decrease number of Java threads
#   Decrease Java thread stack sizes (-Xss)
#   Set larger code cache with -XX:ReservedCodeCacheSize=
#   JVM is running with Unscaled Compressed Oops mode in which the Java heap is
#     placed in the first 4GB address space. The Java Heap base address is the
#     maximum limit for the native heap growth. Please use -XX:HeapBaseMinAddress
#     to set the Java Heap base and to place the Java Heap above 4GB virtual address.
# This output file may be truncated or incomplete.
#
#  Out of Memory Error (memory/allocation.inline.hpp:61), pid=31696, tid=0x00000000000048f4
#
# JRE version:  (8.0_201-b09) (build )
# Java VM: Java HotSpot(TM) 64-Bit Server VM (25.201-b09 mixed mode windows-amd64 compressed oops)
# Failed to write core dump. Minidumps are not enabled by default on client versions of Windows
#

---------------  T H R E A D  ---------------

Current thread (0x0000000002fb5000):  JavaThread "Unknown thread" [_thread_in_vm, id=18676, stack(0x0000000002e20000,0x0000000002f20000)]

Stack: [0x0000000002e20000,0x0000000002f20000]
[error occurred during error reporting (printing stack bounds), id 0xc0000005]

Native frames: (J=compiled Java code, j=interpreted, Vv=VM code, C=native code)


---------------  P R O C E S S  ---------------

Java Threads: ( => current thread )

Other Threads:

=>0x0000000002fb5000 (exited) JavaThread "Unknown thread" [_thread_in_vm, id=18676, stack(0x0000000002e20000,0x0000000002f20000)]

VM state:not at safepoint (normal execution)

VM Mutex/Monitor currently owned by a thread: None

heap address: 0x0000000081800000, size: 2024 MB, Compressed Oops mode: 32-bit
Narrow klass base: 0x0000000000000000, Narrow klass shift: 3
Compressed class space size: 1073741824 Address: 0x0000000100000000

Heap:
 PSYoungGen      total 38400K, used 665K [0x00000000d5d80000, 0x00000000d8800000, 0x0000000100000000)
  eden space 33280K, 2% used [0x00000000d5d80000,0x00000000d5e26670,0x00000000d7e00000)
  from space 5120K, 0% used [0x00000000d8300000,0x00000000d8300000,0x00000000d8800000)
  to   space 5120K, 0% used [0x00000000d7e00000,0x00000000d7e00000,0x00000000d8300000)
 ParOldGen       total 87552K, used 0K [0x0000000081800000, 0x0000000086d80000, 0x00000000d5d80000)
  object space 87552K, 0% used [0x0000000081800000,0x0000000081800000,0x0000000086d80000)
 Metaspace       used 775K, capacity 4480K, committed 4480K, reserved 1056768K
  class space    used 76K, capacity 384K, committed 384K, reserved 1048576K

Card table byte_map: [0x0000000012470000,0x0000000012870000] byte_map_base: 0x0000000012064000

Marking Bits: (ParMarkBitMap*) 0x00000000510d4ce0
 Begin Bits: [0x0000000013320000, 0x00000000152c0000)
 End Bits:   [0x00000000152c0000, 0x0000000017260000)

Polling page: 0x00000000014a0000

CodeCache: size=245760Kb used=328Kb max_used=328Kb free=245431Kb
 bounds [0x00000000030b0000, 0x0000000003320000, 0x00000000120b0000]
 total_blobs=58 nmethods=0 adapters=38
 compilation: enabled

Compilation events (0 events):
No events

GC Heap History (0 events):
No events

Deoptimization events (0 events):
No events

Classes redefined (0 events):
No events

Internal exceptions (0 events):
No events

Events (10 events):
Event: 0.025 loading class java/lang/Short
Event: 0.025 loading class java/lang/Short done
Event: 0.025 loading class java/lang/Integer
Event: 0.025 loading class java/lang/Integer done
Event: 0.025 loading class java/lang/Long
Event: 0.025 loading class java/lang/Long done
Event: 0.025 loading class java/lang/NullPointerException
Event: 0.025 loading class java/lang/NullPointerException done
Event: 0.025 loading class java/lang/ArithmeticException
Event: 0.026 loading class java/lang/ArithmeticException done


Dynamic libraries:
0x00007ff607930000 - 0x00007ff607967000 	C:\Program Files\Java\jdk1.8.0_201\bin\javaw.exe
0x00007ffa77df0000 - 0x00007ffa77fdd000 	C:\WINDOWS\SYSTEM32\ntdll.dll
0x00007ffa772d0000 - 0x00007ffa77383000 	C:\WINDOWS\System32\KERNEL32.DLL
0x00007ffa74c40000 - 0x00007ffa74ed3000 	C:\WINDOWS\System32\KERNELBASE.dll
0x00007ffa75240000 - 0x00007ffa752e3000 	C:\WINDOWS\System32\ADVAPI32.dll
0x00007ffa75070000 - 0x00007ffa7510e000 	C:\WINDOWS\System32\msvcrt.dll
0x00007ffa752f0000 - 0x00007ffa7538e000 	C:\WINDOWS\System32\sechost.dll
0x00007ffa775c0000 - 0x00007ffa776e2000 	C:\WINDOWS\System32\RPCRT4.dll
0x00007ffa77870000 - 0x00007ffa77a07000 	C:\WINDOWS\System32\USER32.dll
0x00007ffa74f90000 - 0x00007ffa74fb0000 	C:\WINDOWS\System32\win32u.dll
0x00007ffa75510000 - 0x00007ffa75539000 	C:\WINDOWS\System32\GDI32.dll
0x00007ffa73f00000 - 0x00007ffa74099000 	C:\WINDOWS\System32\gdi32full.dll
0x00007ffa740c0000 - 0x00007ffa74160000 	C:\WINDOWS\System32\msvcp_win.dll
0x00007ffa74b40000 - 0x00007ffa74c3a000 	C:\WINDOWS\System32\ucrtbase.dll
0x00007ffa63240000 - 0x00007ffa634b9000 	C:\WINDOWS\WinSxS\amd64_microsoft.windows.common-controls_6595b64144ccf1df_6.0.17763.914_none_05b346b2072102f2\COMCTL32.dll
0x00007ffa76a50000 - 0x00007ffa76d7c000 	C:\WINDOWS\System32\combase.dll
0x00007ffa74160000 - 0x00007ffa741de000 	C:\WINDOWS\System32\bcryptPrimitives.dll
0x00007ffa77cb0000 - 0x00007ffa77cde000 	C:\WINDOWS\System32\IMM32.DLL
0x0000000051160000 - 0x0000000051231000 	C:\Program Files\Java\jdk1.8.0_201\jre\bin\msvcr100.dll
0x00000000508b0000 - 0x0000000051154000 	C:\Program Files\Java\jdk1.8.0_201\jre\bin\server\jvm.dll
0x00007ffa75540000 - 0x00007ffa75548000 	C:\WINDOWS\System32\PSAPI.DLL
0x00007ffa5dc50000 - 0x00007ffa5dc59000 	C:\WINDOWS\SYSTEM32\WSOCK32.dll
0x00007ffa636c0000 - 0x00007ffa636ca000 	C:\WINDOWS\SYSTEM32\VERSION.dll
0x00007ffa71ce0000 - 0x00007ffa71d04000 	C:\WINDOWS\SYSTEM32\WINMM.dll
0x00007ffa754a0000 - 0x00007ffa7550d000 	C:\WINDOWS\System32\WS2_32.dll
0x00007ffa70770000 - 0x00007ffa7079d000 	C:\WINDOWS\SYSTEM32\WINMMBASE.dll
0x00007ffa73eb0000 - 0x00007ffa73efa000 	C:\WINDOWS\System32\cfgmgr32.dll
0x00007ffa6fe80000 - 0x00007ffa6fe8f000 	C:\Program Files\Java\jdk1.8.0_201\jre\bin\verify.dll
0x00007ffa6f650000 - 0x00007ffa6f679000 	C:\Program Files\Java\jdk1.8.0_201\jre\bin\java.dll
0x00007ffa6e860000 - 0x00007ffa6e876000 	C:\Program Files\Java\jdk1.8.0_201\jre\bin\zip.dll

VM Arguments:
jvm_args: -ea -Dfile.encoding=UTF-8 
java_command: org.eclipse.jdt.internal.junit.runner.RemoteTestRunner -version 3 -port 52151 -testLoaderClass org.eclipse.jdt.internal.junit4.runner.JUnit4TestLoader -loaderpluginname org.eclipse.jdt.junit4.runtime -classNames runner.TestRunner
java_class_path (initial): C:\Users\julia\eclipse-workspace\com.bdd.myNewProject\target\test-classes;C:\Users\julia\eclipse-workspace\com.bdd.myNewProject\target\classes;C:\Users\julia\.p2\pool\plugins\org.junit_4.12.0.v201504281640\junit.jar;C:\Users\julia\.p2\pool\plugins\org.hamcrest.core_1.3.0.v20180420-1519.jar;C:\Users\julia\Downloads\com.bdd.tekschool\com.bdd.tekschool\target\classes;C:\Users\julia\Downloads\com.bdd.tekschool\com.bdd.tekschool\target\test-classes;C:\Users\julia\.m2\repository\junit\junit\4.12\junit-4.12.jar;C:\Users\julia\.m2\repository\org\hamcrest\hamcrest-core\1.3\hamcrest-core-1.3.jar;C:\Users\julia\.m2\repository\org\seleniumhq\selenium\selenium-java\3.7.0\selenium-java-3.7.0.jar;C:\Users\julia\.m2\repository\org\seleniumhq\selenium\selenium-api\3.7.0\selenium-api-3.7.0.jar;C:\Users\julia\.m2\repository\org\seleniumhq\selenium\selenium-chrome-driver\3.7.0\selenium-chrome-driver-3.7.0.jar;C:\Users\julia\.m2\repository\org\seleniumhq\selenium\selenium-edge-driver\3.7.0\selenium-edge-driver-3.7.0.jar;C:\Users\julia\.m2\repository\org\seleniumhq\selenium\selenium-firefox-driver\3.7.0\selenium-firefox-driver-3.7.0.jar;C:\Users\julia\.m2\repository\org\seleniumhq\selenium\selenium-ie-driver\3.7.0\selenium-ie-driver-3.7.0.jar;C:\Users\julia\.m2\repository\org\seleniumhq\selenium\selenium-opera-driver\3.7.0\selenium-opera-driver-3.7.0.jar;C:\Users\julia\.m2\repository\org\seleniumhq\selenium\selenium-remote-driver\3.7.0\selenium-remote-driver-3.7.0.jar;C:\Users\julia\.m2\repository\org\seleniumhq\selenium\selenium-safari-driver\3.7.0\selenium-safari-driver-3.7.0.jar;C:\Users\julia\.m2\repository\org\seleniumhq\selenium\selenium-support\3.7.0\selenium-support-3.7.0.jar;C:\Users\julia\.m2\repository\net\bytebuddy\byte-buddy\1.7.5\byte-buddy-1.7.5.jar;C:\Users\julia\.m2\repository\org\apache\commons\commons-exec\1.3\commons-exec-1.3.jar;C:\Users\julia\.m2\repository\commons-codec\commons-codec\1.10\commons-codec-1.10.jar;C:\Users\julia\.m2\reposi
Launcher Type: SUN_STANDARD

Environment Variables:
JAVA_HOME=C:\Program Files\Java\jdk1.8.0_201
PATH=C:/Program Files/Java/jre1.8.0_201/bin/server;C:/Program Files/Java/jre1.8.0_201/bin;C:/Program Files/Java/jre1.8.0_201/lib/amd64;C:\Program Files (x86)\Common Files\Oracle\Java\javapath;C:\Program Files (x86)\Intel\iCLS Client\;C:\Program Files\Intel\iCLS Client\;C:\WINDOWS\system32;C:\WINDOWS;C:\WINDOWS\System32\Wbem;C:\WINDOWS\System32\WindowsPowerShell\v1.0\;C:\Program Files (x86)\Intel\Intel(R) Management Engine Components\DAL;C:\Program Files\Intel\Intel(R) Management Engine Components\DAL;C:\Program Files (x86)\Intel\Intel(R) Management Engine Components\IPT;C:\Program Files\Intel\Intel(R) Management Engine Components\IPT;C:\WINDOWS\System32\OpenSSH\;C:\Users\julia\AppData\Local\Microsoft\WindowsApps;C:\Program Files\Java\jdk1.8.0_201\bin;C:\apache-maven-3.6.3\bin;C:\Users\julia\AppData\Local\Programs\Git\cmd;C:\Users\julia\OneDrive\Desktop;
USERNAME=julia
OS=Windows_NT
PROCESSOR_IDENTIFIER=Intel64 Family 6 Model 142 Stepping 10, GenuineIntel



---------------  S Y S T E M  ---------------

OS: Windows 10.0 , 64 bit Build 17763 (10.0.17763.475)

CPU:total 8 (initial active 8) (4 cores per cpu, 2 threads per core) family 6 model 142 stepping 10, cmov, cx8, fxsr, mmx, sse, sse2, sse3, ssse3, sse4.1, sse4.2, popcnt, avx, avx2, aes, clmul, erms, 3dnowpref, lzcnt, ht, tsc, tscinvbit, bmi1, bmi2, adx

Memory: 4k page, physical 8283992k(796324k free), swap 23730604k(5628k free)

vm_info: Java HotSpot(TM) 64-Bit Server VM (25.201-b09) for windows-amd64 JRE (1.8.0_201-b09), built on Dec 15 2018 18:36:39 by "java_re" with MS VC++ 10.0 (VS2010)

time: Sun Jan 12 18:00:37 2020
timezone: Eastern Standard Time
elapsed time: 0 seconds (0d 0h 0m 0s)

